0 info it worked if it ends with ok
1 verbose cli [ 'C:\\Program Files\\nodejs\\node.exe',
1 verbose cli   'C:\\Program Files\\nodejs\\node_modules\\npm\\bin\\npm-cli.js',
1 verbose cli   'start' ]
2 info using npm@3.10.9
3 info using node@v6.9.2
4 verbose run-script [ 'prestart', 'start', 'poststart' ]
5 info lifecycle node-express-api-boilerplate@0.0.1~prestart: node-express-api-boilerplate@0.0.1
6 silly lifecycle node-express-api-boilerplate@0.0.1~prestart: no script for prestart, continuing
7 info lifecycle node-express-api-boilerplate@0.0.1~start: node-express-api-boilerplate@0.0.1
8 verbose lifecycle node-express-api-boilerplate@0.0.1~start: unsafe-perm in lifecycle true
9 verbose lifecycle node-express-api-boilerplate@0.0.1~start: PATH: C:\Program Files\nodejs\node_modules\npm\bin\node-gyp-bin;D:\Deepak@Work\gitHub\rest-server\node_modules\.bin;C:\Program Files\Common Files\Microsoft Shared\Microsoft Online Services;C:\Program Files (x86)\Common Files\Microsoft Shared\Microsoft Online Services;C:\ProgramData\Oracle\Java\javapath;C:\Windows\system32;C:\Windows;C:\Windows\System32\Wbem;C:\Windows\System32\WindowsPowerShell\v1.0\;C:\Program Files\TortoiseSVN\bin;C:\Program Files\Git\cmd;C:\Program Files\Microsoft SQL Server\110\Tools\Binn\;C:\Program Files (x86)\Microsoft SQL Server\110\Tools\Binn\;C:\Program Files\Microsoft SQL Server\110\DTS\Binn\;C:\Program Files (x86)\Microsoft SQL Server\110\Tools\Binn\ManagementStudio\;C:\Program Files (x86)\Microsoft Visual Studio 10.0\Common7\IDE\PrivateAssemblies\;C:\Program Files (x86)\Microsoft SQL Server\110\DTS\Binn\;C:\Program Files\nodejs\;C:\Program Files (x86)\Heroku\bin;C:\Program Files (x86)\git\cmd;C:\Program Files (x86)\Git\cmd;C:\Ruby23-x64\bin;C:\Program Files (x86)\Microsoft VS Code\bin;C:\Users\103704\AppData\Roaming\npm;C:\Program Files\Heroku\bin
10 verbose lifecycle node-express-api-boilerplate@0.0.1~start: CWD: D:\Deepak@Work\gitHub\rest-server
11 silly lifecycle node-express-api-boilerplate@0.0.1~start: Args: [ '/d /s /c', 'node ./bin/www' ]
12 silly lifecycle node-express-api-boilerplate@0.0.1~start: Returned: code: 1  signal: null
13 info lifecycle node-express-api-boilerplate@0.0.1~start: Failed to exec start script
14 verbose stack Error: node-express-api-boilerplate@0.0.1 start: `node ./bin/www`
14 verbose stack Exit status 1
14 verbose stack     at EventEmitter.<anonymous> (C:\Program Files\nodejs\node_modules\npm\lib\utils\lifecycle.js:255:16)
14 verbose stack     at emitTwo (events.js:106:13)
14 verbose stack     at EventEmitter.emit (events.js:191:7)
14 verbose stack     at ChildProcess.<anonymous> (C:\Program Files\nodejs\node_modules\npm\lib\utils\spawn.js:40:14)
14 verbose stack     at emitTwo (events.js:106:13)
14 verbose stack     at ChildProcess.emit (events.js:191:7)
14 verbose stack     at maybeClose (internal/child_process.js:877:16)
14 verbose stack     at Process.ChildProcess._handle.onexit (internal/child_process.js:226:5)
15 verbose pkgid node-express-api-boilerplate@0.0.1
16 verbose cwd D:\Deepak@Work\gitHub\rest-server
17 error Windows_NT 10.0.10240
18 error argv "C:\\Program Files\\nodejs\\node.exe" "C:\\Program Files\\nodejs\\node_modules\\npm\\bin\\npm-cli.js" "start"
19 error node v6.9.2
20 error npm  v3.10.9
21 error code ELIFECYCLE
22 error node-express-api-boilerplate@0.0.1 start: `node ./bin/www`
22 error Exit status 1
23 error Failed at the node-express-api-boilerplate@0.0.1 start script 'node ./bin/www'.
23 error Make sure you have the latest version of node.js and npm installed.
23 error If you do, this is most likely a problem with the node-express-api-boilerplate package,
23 error not with npm itself.
23 error Tell the author that this fails on your system:
23 error     node ./bin/www
23 error You can get information on how to open an issue for this project with:
23 error     npm bugs node-express-api-boilerplate
23 error Or if that isn't available, you can get their info via:
23 error     npm owner ls node-express-api-boilerplate
23 error There is likely additional logging output above.
24 verbose exit [ 1, true ]
